#
# There is insufficient memory for the Java Runtime Environment to continue.
# Native memory allocation (malloc) failed to allocate 32744 bytes for ChunkPool::allocate
# Possible reasons:
#   The system is out of physical RAM or swap space
#   In 32 bit mode, the process size limit was hit
# Possible solutions:
#   Reduce memory load on the system
#   Increase physical memory or swap space
#   Check if swap backing store is full
#   Use 64 bit Java on a 64 bit OS
#   Decrease Java heap size (-Xmx/-Xms)
#   Decrease number of Java threads
#   Decrease Java thread stack sizes (-Xss)
#   Set larger code cache with -XX:ReservedCodeCacheSize=
# This output file may be truncated or incomplete.
#
#  Out of Memory Error (allocation.cpp:273), pid=110040, tid=0x0000000000019c2c
#
# JRE version: Java(TM) SE Runtime Environment (8.0_92-b14) (build 1.8.0_92-b14)
# Java VM: Java HotSpot(TM) 64-Bit Server VM (25.92-b14 mixed mode windows-amd64 compressed oops)
# Failed to write core dump. Minidumps are not enabled by default on client versions of Windows
#

---------------  T H R E A D  ---------------

Current thread (0x0000000002f3a000):  JavaThread "C2 CompilerThread0" daemon [_thread_in_native, id=105516, stack(0x0000000016f60000,0x0000000017060000)]

Stack: [0x0000000016f60000,0x0000000017060000]
[error occurred during error reporting (printing stack bounds), id 0xc0000005]

Native frames: (J=compiled Java code, j=interpreted, Vv=VM code, C=native code)


Current CompileTask:
C2:   4209 1617   !   4       com.android.dx.cf.cst.ConstantPoolParser::parse0 (731 bytes)


---------------  P R O C E S S  ---------------

Java Threads: ( => current thread )
  0x0000000016bdc800 JavaThread "pool-1-thread-4" [_thread_in_Java, id=95504, stack(0x0000000017860000,0x0000000017960000)]
  0x0000000016bdc000 JavaThread "pool-1-thread-3" [_thread_in_Java, id=87640, stack(0x0000000017760000,0x0000000017860000)]
  0x0000000016bda000 JavaThread "pool-1-thread-2" [_thread_in_Java, id=109436, stack(0x0000000017660000,0x0000000017760000)]
  0x0000000016beb000 JavaThread "pool-2-thread-1" [_thread_blocked, id=93972, stack(0x0000000017560000,0x0000000017660000)]
  0x00000000169c7000 JavaThread "Service Thread" daemon [_thread_blocked, id=109956, stack(0x0000000017260000,0x0000000017360000)]
  0x00000000169c5000 JavaThread "C1 CompilerThread2" daemon [_thread_blocked, id=109152, stack(0x0000000017160000,0x0000000017260000)]
  0x0000000002f3d000 JavaThread "C2 CompilerThread1" daemon [_thread_in_native, id=107472, stack(0x0000000017060000,0x0000000017160000)]
=>0x0000000002f3a000 JavaThread "C2 CompilerThread0" daemon [_thread_in_native, id=105516, stack(0x0000000016f60000,0x0000000017060000)]
  0x0000000015623800 JavaThread "Attach Listener" daemon [_thread_blocked, id=106404, stack(0x0000000016e60000,0x0000000016f60000)]
  0x00000000169a3800 JavaThread "Signal Dispatcher" daemon [_thread_blocked, id=106064, stack(0x0000000016d60000,0x0000000016e60000)]
  0x00000000155fa000 JavaThread "Finalizer" daemon [_thread_blocked, id=109924, stack(0x0000000016860000,0x0000000016960000)]
  0x00000000155d9000 JavaThread "Reference Handler" daemon [_thread_blocked, id=109848, stack(0x0000000016760000,0x0000000016860000)]
  0x0000000002c3d800 JavaThread "main" [_thread_blocked, id=106092, stack(0x0000000002c40000,0x0000000002d40000)]

Other Threads:
  0x00000000155d6800 VMThread [stack: 0x0000000016660000,0x0000000016760000] [id=106944]
  0x00000000169d8000 WatcherThread [stack: 0x0000000017360000,0x0000000017460000] [id=95584]

VM state:not at safepoint (normal execution)

VM Mutex/Monitor currently owned by a thread: None

Heap:
 PSYoungGen      total 71680K, used 30041K [0x00000000eab00000, 0x00000000ef600000, 0x0000000100000000)
  eden space 66560K, 37% used [0x00000000eab00000,0x00000000ec35a1d8,0x00000000eec00000)
  from space 5120K, 99% used [0x00000000ef100000,0x00000000ef5fc4a0,0x00000000ef600000)
  to   space 5120K, 0% used [0x00000000eec00000,0x00000000eec00000,0x00000000ef100000)
 ParOldGen       total 87552K, used 6234K [0x00000000c0000000, 0x00000000c5580000, 0x00000000eab00000)
  object space 87552K, 7% used [0x00000000c0000000,0x00000000c0616980,0x00000000c5580000)
 Metaspace       used 6321K, capacity 7094K, committed 7296K, reserved 1056768K
  class space    used 604K, capacity 622K, committed 640K, reserved 1048576K

Card table byte_map: [0x0000000012300000,0x0000000012510000] byte_map_base: 0x0000000011d00000

Marking Bits: (ParMarkBitMap*) 0x0000000051ae64f0
 Begin Bits: [0x0000000012a70000, 0x0000000013a70000)
 End Bits:   [0x0000000013a70000, 0x0000000014a70000)

Polling page: 0x0000000002b50000

CodeCache: size=245760Kb used=7268Kb max_used=7268Kb free=238491Kb
 bounds [0x0000000002f40000, 0x0000000003660000, 0x0000000011f40000]
 total_blobs=2005 nmethods=1733 adapters=184
 compilation: enabled

Compilation events (10 events):
Event: 4.198 Thread 0x00000000169c5000 1746       2       com.android.dx.dex.code.DalvCode::<init> (68 bytes)
Event: 4.198 Thread 0x00000000169c5000 nmethod 1746 0x000000000365b8d0 code [0x000000000365ba60, 0x000000000365bd78]
Event: 4.198 Thread 0x00000000169c5000 1747       2       com.android.dx.ssa.Optimizer::optimize (67 bytes)
Event: 4.199 Thread 0x00000000169c5000 nmethod 1747 0x000000000365bed0 code [0x000000000365c080, 0x000000000365c478]
Event: 4.200 Thread 0x00000000169c5000 1748       2       com.android.dx.dex.code.RopTranslator::translateAndGetResult (48 bytes)
Event: 4.200 Thread 0x00000000169c5000 nmethod 1748 0x000000000365c790 code [0x000000000365c940, 0x000000000365ccd8]
Event: 4.202 Thread 0x00000000169c5000 1749       2       com.android.dx.dex.code.TargetInsn::<init> (29 bytes)
Event: 4.203 Thread 0x00000000169c5000 nmethod 1749 0x000000000365cf50 code [0x000000000365d0c0, 0x000000000365d318]
Event: 4.203 Thread 0x00000000169c5000 1750   !   2       java.util.concurrent.locks.AbstractQueuedSynchronizer::acquireQueued (93 bytes)
Event: 4.204 Thread 0x00000000169c5000 nmethod 1750 0x000000000365d450 code [0x000000000365d620, 0x000000000365db58]

GC Heap History (4 events):
Event: 2.459 GC heap before
{Heap before GC invocations=1 (full 0):
 PSYoungGen      total 38400K, used 33280K [0x00000000eab00000, 0x00000000ed580000, 0x0000000100000000)
  eden space 33280K, 100% used [0x00000000eab00000,0x00000000ecb80000,0x00000000ecb80000)
  from space 5120K, 0% used [0x00000000ed080000,0x00000000ed080000,0x00000000ed580000)
  to   space 5120K, 0% used [0x00000000ecb80000,0x00000000ecb80000,0x00000000ed080000)
 ParOldGen       total 87552K, used 0K [0x00000000c0000000, 0x00000000c5580000, 0x00000000eab00000)
  object space 87552K, 0% used [0x00000000c0000000,0x00000000c0000000,0x00000000c5580000)
 Metaspace       used 6084K, capacity 6964K, committed 7040K, reserved 1056768K
  class space    used 600K, capacity 620K, committed 640K, reserved 1048576K
Event: 2.684 GC heap after
Heap after GC invocations=1 (full 0):
 PSYoungGen      total 38400K, used 5092K [0x00000000eab00000, 0x00000000ef600000, 0x0000000100000000)
  eden space 33280K, 0% used [0x00000000eab00000,0x00000000eab00000,0x00000000ecb80000)
  from space 5120K, 99% used [0x00000000ecb80000,0x00000000ed0792d0,0x00000000ed080000)
  to   space 5120K, 0% used [0x00000000ef100000,0x00000000ef100000,0x00000000ef600000)
 ParOldGen       total 87552K, used 1432K [0x00000000c0000000, 0x00000000c5580000, 0x00000000eab00000)
  object space 87552K, 1% used [0x00000000c0000000,0x00000000c01660a0,0x00000000c5580000)
 Metaspace       used 6084K, capacity 6964K, committed 7040K, reserved 1056768K
  class space    used 600K, capacity 620K, committed 640K, reserved 1048576K
}
Event: 3.627 GC heap before
{Heap before GC invocations=2 (full 0):
 PSYoungGen      total 38400K, used 38372K [0x00000000eab00000, 0x00000000ef600000, 0x0000000100000000)
  eden space 33280K, 100% used [0x00000000eab00000,0x00000000ecb80000,0x00000000ecb80000)
  from space 5120K, 99% used [0x00000000ecb80000,0x00000000ed0792d0,0x00000000ed080000)
  to   space 5120K, 0% used [0x00000000ef100000,0x00000000ef100000,0x00000000ef600000)
 ParOldGen       total 87552K, used 1432K [0x00000000c0000000, 0x00000000c5580000, 0x00000000eab00000)
  object space 87552K, 1% used [0x00000000c0000000,0x00000000c01660a0,0x00000000c5580000)
 Metaspace       used 6269K, capacity 7092K, committed 7296K, reserved 1056768K
  class space    used 602K, capacity 620K, committed 640K, reserved 1048576K
Event: 3.643 GC heap after
Heap after GC invocations=2 (full 0):
 PSYoungGen      total 71680K, used 5105K [0x00000000eab00000, 0x00000000ef600000, 0x0000000100000000)
  eden space 66560K, 0% used [0x00000000eab00000,0x00000000eab00000,0x00000000eec00000)
  from space 5120K, 99% used [0x00000000ef100000,0x00000000ef5fc4a0,0x00000000ef600000)
  to   space 5120K, 0% used [0x00000000eec00000,0x00000000eec00000,0x00000000ef100000)
 ParOldGen       total 87552K, used 6234K [0x00000000c0000000, 0x00000000c5580000, 0x00000000eab00000)
  object space 87552K, 7% used [0x00000000c0000000,0x00000000c0616980,0x00000000c5580000)
 Metaspace       used 6269K, capacity 7092K, committed 7296K, reserved 1056768K
  class space    used 602K, capacity 620K, committed 640K, reserved 1048576K
}

Deoptimization events (10 events):
Event: 3.053 Thread 0x0000000016bdc800 Uncommon trap: reason=unstable_if action=reinterpret pc=0x0000000003272600 method=com.android.dx.rop.code.RegisterSpec.equals(ILcom/android/dx/rop/type/TypeBearer;Lcom/android/dx/rop/code/LocalItem;)Z @ 42
Event: 3.303 Thread 0x0000000016bdc000 Uncommon trap: reason=unstable_if action=reinterpret pc=0x00000000034ca4d4 method=com.android.dx.rop.code.LocalItem.compareHandlesNulls(Lcom/android/dx/rop/cst/CstString;Lcom/android/dx/rop/cst/CstString;)I @ 8
Event: 3.306 Thread 0x0000000016bdc000 Uncommon trap: reason=unstable_if action=reinterpret pc=0x00000000034e3288 method=com.android.dx.rop.code.LocalItem.compareHandlesNulls(Lcom/android/dx/rop/cst/CstString;Lcom/android/dx/rop/cst/CstString;)I @ 8
Event: 3.474 Thread 0x0000000016bdc000 Uncommon trap: reason=unstable_if action=reinterpret pc=0x00000000034549dc method=com.android.dx.rop.cst.Constant.compareTo(Lcom/android/dx/rop/cst/Constant;)I @ 12
Event: 3.516 Thread 0x0000000016bdc800 Uncommon trap: reason=unstable_if action=reinterpret pc=0x0000000003526e8c method=com.android.dx.ssa.MoveParamCombiner$1.visitNonMoveInsn(Lcom/android/dx/ssa/NormalSsaInsn;)V @ 27
Event: 3.594 Thread 0x0000000016bf0000 Uncommon trap: reason=bimorphic action=maybe_recompile pc=0x0000000003462d74 method=com.android.dx.cf.code.BytecodeArray.parseInstruction(ILcom/android/dx/cf/code/BytecodeArray$Visitor;)I @ 2281
Event: 3.595 Thread 0x0000000016bf0000 Uncommon trap: reason=bimorphic action=maybe_recompile pc=0x0000000003462d74 method=com.android.dx.cf.code.BytecodeArray.parseInstruction(ILcom/android/dx/cf/code/BytecodeArray$Visitor;)I @ 2281
Event: 3.826 Thread 0x0000000016bdc800 Uncommon trap: reason=bimorphic action=maybe_recompile pc=0x0000000003462d74 method=com.android.dx.cf.code.BytecodeArray.parseInstruction(ILcom/android/dx/cf/code/BytecodeArray$Visitor;)I @ 2281
Event: 3.826 Thread 0x0000000016bdc800 Uncommon trap: reason=bimorphic action=maybe_recompile pc=0x0000000003462d74 method=com.android.dx.cf.code.BytecodeArray.parseInstruction(ILcom/android/dx/cf/code/BytecodeArray$Visitor;)I @ 2281
Event: 4.167 Thread 0x0000000016bdc000 Uncommon trap: reason=unstable_if action=reinterpret pc=0x000000000352fb2c method=com.android.dx.rop.code.RegisterSpec.equals(ILcom/android/dx/rop/type/TypeBearer;Lcom/android/dx/rop/code/LocalItem;)Z @ 42

Internal exceptions (5 events):
Event: 0.154 Thread 0x0000000002c3d800 Exception <a 'java/lang/NoSuchMethodError': Method sun.misc.Unsafe.defineClass(Ljava/lang/String;[BII)Ljava/lang/Class; name or signature does not match> (0x00000000eab07cc0) thrown at [D:\re\workspace\8-2-build-windows-amd64-cygwin\jdk8u92\6642\hotspot\sr⁄ê j √?
Event: 0.155 Thread 0x0000000002c3d800 Exception <a 'java/lang/NoSuchMethodError': Method sun.misc.Unsafe.prefetchRead(Ljava/lang/Object;J)V name or signature does not match> (0x00000000eab07fa8) thrown at [D:\re\workspace\8-2-build-windows-amd64-cygwin\jdk8u92\6642\hotspot\src\share\vm\prims\jÙû&?˘?
Event: 1.578 Thread 0x0000000016bf0000 Implicit null exception at 0x000000000322e4ec to 0x000000000322fdad
Event: 3.302 Thread 0x0000000016bdc000 Implicit null exception at 0x00000000034c897e to 0x00000000034ca4a5
Event: 3.305 Thread 0x0000000016bdc000 Implicit null exception at 0x00000000034e148d to 0x00000000034e3261

Events (10 events):
Event: 3.826 Thread 0x0000000016bdc800 DEOPT PACKING pc=0x0000000003462d74 sp=0x000000001795ec10
Event: 3.826 Thread 0x0000000016bdc800 DEOPT UNPACKING pc=0x0000000002f8582a sp=0x000000001795eba0 mode 2
Event: 3.826 Thread 0x0000000016bdc800 Uncommon trap: trap_request=0xffffffc6 fr.pc=0x0000000003462d74
Event: 3.826 Thread 0x0000000016bdc800 DEOPT PACKING pc=0x0000000003462d74 sp=0x000000001795ea70
Event: 3.826 Thread 0x0000000016bdc800 DEOPT UNPACKING pc=0x0000000002f8582a sp=0x000000001795ea00 mode 2
Event: 4.167 Thread 0x0000000016bdc000 Uncommon trap: trap_request=0xffffff65 fr.pc=0x000000000352fb2c
Event: 4.167 Thread 0x0000000016bdc000 DEOPT PACKING pc=0x000000000352fb2c sp=0x000000001785ee00
Event: 4.167 Thread 0x0000000016bdc000 DEOPT UNPACKING pc=0x0000000002f8582a sp=0x000000001785ecf8 mode 2
Event: 4.182 Thread 0x0000000016bdc000 DEOPT PACKING pc=0x00000000032957bd sp=0x000000001785eea0
Event: 4.182 Thread 0x0000000016bdc000 DEOPT UNPACKING pc=0x0000000002f8787f sp=0x000000001785ec40 mode 0


Dynamic libraries:
0x00007ff755000000 - 0x00007ff755037000 	D:\Java1.8\jdk1.8.0_92\bin\java.exe
0x00007ffea1930000 - 0x00007ffea1af1000 	C:\WINDOWS\SYSTEM32\ntdll.dll
0x00007ffea0260000 - 0x00007ffea030d000 	C:\WINDOWS\system32\KERNEL32.DLL
0x00007ffe9e900000 - 0x00007ffe9eae8000 	C:\WINDOWS\system32\KERNELBASE.dll
0x00007ffea16f0000 - 0x00007ffea1797000 	C:\WINDOWS\system32\ADVAPI32.dll
0x00007ffea1330000 - 0x00007ffea13cd000 	C:\WINDOWS\system32\msvcrt.dll
0x00007ffea15c0000 - 0x00007ffea161b000 	C:\WINDOWS\system32\sechost.dll
0x00007ffea04d0000 - 0x00007ffea05ec000 	C:\WINDOWS\system32\RPCRT4.dll
0x00007ffea08a0000 - 0x00007ffea09f6000 	C:\WINDOWS\system32\USER32.dll
0x00007ffea17a0000 - 0x00007ffea1926000 	C:\WINDOWS\system32\GDI32.dll
0x00007ffe90000000 - 0x00007ffe90274000 	C:\WINDOWS\WinSxS\amd64_microsoft.windows.common-controls_6595b64144ccf1df_6.0.10586.494_none_a2d8b04ea53e3145\COMCTL32.dll
0x00007ffea0620000 - 0x00007ffea089d000 	C:\WINDOWS\system32\combase.dll
0x00007ffe9eb00000 - 0x00007ffe9eb6a000 	C:\WINDOWS\system32\bcryptPrimitives.dll
0x00007ffea1580000 - 0x00007ffea15bb000 	C:\WINDOWS\system32\IMM32.DLL
0x0000000050e40000 - 0x0000000050f12000 	D:\Java1.8\jdk1.8.0_92\jre\bin\msvcr100.dll
0x00000000512d0000 - 0x0000000051b66000 	D:\Java1.8\jdk1.8.0_92\jre\bin\server\jvm.dll
0x00007ffe9de40000 - 0x00007ffe9de63000 	C:\WINDOWS\system32\WINMM.dll
0x00007ffe9dd40000 - 0x00007ffe9dd6c000 	C:\WINDOWS\system32\WINMMBASE.dll
0x00007ffe9de70000 - 0x00007ffe9deb3000 	C:\WINDOWS\system32\cfgmgr32.dll
0x00007ffea0310000 - 0x00007ffea0318000 	C:\WINDOWS\system32\PSAPI.DLL
0x00007ffe8c8a0000 - 0x00007ffe8c8a9000 	C:\WINDOWS\SYSTEM32\WSOCK32.dll
0x00007ffea0cb0000 - 0x00007ffea0d1b000 	C:\WINDOWS\system32\WS2_32.dll
0x00007ffe9b660000 - 0x00007ffe9b66a000 	C:\WINDOWS\SYSTEM32\VERSION.dll
0x00000000512c0000 - 0x00000000512cf000 	D:\Java1.8\jdk1.8.0_92\jre\bin\verify.dll
0x0000000051290000 - 0x00000000512b9000 	D:\Java1.8\jdk1.8.0_92\jre\bin\java.dll
0x0000000051270000 - 0x0000000051286000 	D:\Java1.8\jdk1.8.0_92\jre\bin\zip.dll
0x00007ffe9ed00000 - 0x00007ffea025c000 	C:\WINDOWS\system32\SHELL32.dll
0x00007ffe9e1b0000 - 0x00007ffe9e7f5000 	C:\WINDOWS\system32\windows.storage.dll
0x00007ffea0e40000 - 0x00007ffea0e92000 	C:\WINDOWS\system32\shlwapi.dll
0x00007ffe9dd20000 - 0x00007ffe9dd2f000 	C:\WINDOWS\system32\kernel.appcore.dll
0x00007ffe9df20000 - 0x00007ffe9dfd5000 	C:\WINDOWS\system32\shcore.dll
0x00007ffe9e8b0000 - 0x00007ffe9e8fb000 	C:\WINDOWS\system32\powrprof.dll
0x00007ffe9dd70000 - 0x00007ffe9dd84000 	C:\WINDOWS\system32\profapi.dll

VM Arguments:
jvm_args: -Djava.awt.headless=true -Xmx1024M -Dfile.encoding=GBK -Duser.country=CN -Duser.language=zh -Duser.variant 
java_command: com.android.dx.command.Main --dex --num-threads=4 --output D:\ProgramFiles\EveryDayNews\app\build\intermediates\pre-dexed\debug\gson-2.2.4_546879cb067126165b6ece6676044087d068bb56.jar D:\ProgramFiles\EveryDayNews\app\libs\gson-2.2.4.jar
java_class_path (initial): D:\ProgramFiles\android\android-sdk-windows\build-tools\23.0.3\lib\dx.jar
Launcher Type: SUN_STANDARD

Environment Variables:
JAVA_HOME=D:\Java1.8\jdk1.8.0_92
PATH=D:\Java\jdk1.7.0_07\bin;D:\ProgramFiles\android-ndk-r10;C:\ProgramData\Oracle\Java\javapath;C:\Program Files (x86)\Intel\iCLS Client\;C:\Program Files\Intel\iCLS Client\;C:\WINDOWS\system32;C:\WINDOWS;C:\WINDOWS\System32\Wbem;C:\WINDOWS\System32\WindowsPowerShell\v1.0\;C:\Program Files\Intel\Intel(R) Management Engine Components\DAL;C:\Program Files (x86)\Intel\Intel(R) Management Engine Components\DAL;C:\Program Files\Intel\Intel(R) Management Engine Components\IPT;C:\Program Files (x86)\Intel\Intel(R) Management Engine Components\IPT;C:\Program Files (x86)\ATI Technologies\ATI.ACE\Core-Static;C:\Program Files (x86)\Common Files\lenovo\easyplussdk\bin;C:\ProgramData\Lenovo\ReadyApps;D:\DevInstall\MySQL\MySQL Server 5.5\bin;D:\Java1.8\jdk1.8.0_92\bin;D:\ProgramFiles (x86)\adt-bundle-windows-x86_64_20140101\sdk\platform-tools;D:\ProgramFiles (x86)\adt-bundle-windows-x86_64_20140101\sdk\tools;D:\ProgramFiles\TortoiseSVN\bin;D:\ProgramFiles\TortoiseGit\bin;C:\Program Files (x86)\Common Files\Autodesk Shared\;D:\Java1.8\jdk1.8.0_92\bin;D:\Java\jdk1.7.0_07\bin;D:\Java1.8\jdk1.8.0_92\bin;D:\ProgramFiles (x86)\tomcat\apache-tomcat-6.0.39\bin;D:\ProgramFiles\android\android-sdk-windows\platform-tools;D:\ProgramFiles\android\android-sdk-windows\tools
USERNAME=shuwei
OS=Windows_NT
PROCESSOR_IDENTIFIER=Intel64 Family 6 Model 69 Stepping 1, GenuineIntel



---------------  S Y S T E M  ---------------

OS: Windows 10.0 , 64 bit Build 10586 (10.0.10586.0)

CPU:total 4 (2 cores per cpu, 2 threads per core) family 6 model 69 stepping 1, cmov, cx8, fxsr, mmx, sse, sse2, sse3, ssse3, sse4.1, sse4.2, popcnt, avx, avx2, aes, clmul, erms, lzcnt, ht, tsc, tscinvbit, bmi1, bmi2

Memory: 4k page, physical 8310040k(1646644k free), swap 8310040k(4200k free)

vm_info: Java HotSpot(TM) 64-Bit Server VM (25.92-b14) for windows-amd64 JRE (1.8.0_92-b14), built on Mar 31 2016 21:03:04 by "java_re" with MS VC++ 10.0 (VS2010)

time: Wed Aug 10 20:56:10 2016
elapsed time: 4 seconds (0d 0h 0m 4s)

