#
# There is insufficient memory for the Java Runtime Environment to continue.
# Native memory allocation (malloc) failed to allocate 165712 bytes for Chunk::new
# Possible reasons:
#   The system is out of physical RAM or swap space
#   In 32 bit mode, the process size limit was hit
# Possible solutions:
#   Reduce memory load on the system
#   Increase physical memory or swap space
#   Check if swap backing store is full
#   Use 64 bit Java on a 64 bit OS
#   Decrease Java heap size (-Xmx/-Xms)
#   Decrease number of Java threads
#   Decrease Java thread stack sizes (-Xss)
#   Set larger code cache with -XX:ReservedCodeCacheSize=
# This output file may be truncated or incomplete.
#
#  Out of Memory Error (allocation.cpp:390), pid=107188, tid=0x000000000001ab8c
#
# JRE version: Java(TM) SE Runtime Environment (8.0_92-b14) (build 1.8.0_92-b14)
# Java VM: Java HotSpot(TM) 64-Bit Server VM (25.92-b14 mixed mode windows-amd64 compressed oops)
# Failed to write core dump. Minidumps are not enabled by default on client versions of Windows
#

---------------  T H R E A D  ---------------

Current thread (0x0000000002eaa000):  JavaThread "C2 CompilerThread0" daemon [_thread_in_native, id=109452, stack(0x0000000016ee0000,0x0000000016fe0000)]

Stack: [0x0000000016ee0000,0x0000000016fe0000]
[error occurred during error reporting (printing stack bounds), id 0xc0000005]

Native frames: (J=compiled Java code, j=interpreted, Vv=VM code, C=native code)


Current CompileTask:
C2:   4255  680   !   4       com.android.dx.cf.cst.ConstantPoolParser::parse0 (731 bytes)


---------------  P R O C E S S  ---------------

Java Threads: ( => current thread )
  0x0000000016a6b000 JavaThread "pool-1-thread-4" [_thread_blocked, id=97756, stack(0x00000000177e0000,0x00000000178e0000)]
  0x0000000016a6a000 JavaThread "pool-1-thread-3" [_thread_in_Java, id=106136, stack(0x00000000176e0000,0x00000000177e0000)]
  0x0000000016a0f800 JavaThread "pool-1-thread-2" [_thread_blocked, id=103616, stack(0x00000000175e0000,0x00000000176e0000)]
  0x0000000016a60800 JavaThread "pool-2-thread-1" [_thread_blocked, id=97480, stack(0x00000000174e0000,0x00000000175e0000)]
  0x0000000016a5f800 JavaThread "pool-1-thread-1" [_thread_in_Java, id=109312, stack(0x00000000173e0000,0x00000000174e0000)]
  0x00000000155de800 JavaThread "Service Thread" daemon [_thread_blocked, id=96248, stack(0x00000000171e0000,0x00000000172e0000)]
  0x00000000155dc800 JavaThread "C1 CompilerThread2" daemon [_thread_in_vm, id=95716, stack(0x00000000170e0000,0x00000000171e0000)]
  0x00000000155d9800 JavaThread "C2 CompilerThread1" daemon [_thread_blocked, id=95304, stack(0x0000000016fe0000,0x00000000170e0000)]
=>0x0000000002eaa000 JavaThread "C2 CompilerThread0" daemon [_thread_in_native, id=109452, stack(0x0000000016ee0000,0x0000000016fe0000)]
  0x0000000015593800 JavaThread "Attach Listener" daemon [_thread_blocked, id=110012, stack(0x0000000016de0000,0x0000000016ee0000)]
  0x0000000016923800 JavaThread "Signal Dispatcher" daemon [_thread_blocked, id=109820, stack(0x0000000016ce0000,0x0000000016de0000)]
  0x000000001556a000 JavaThread "Finalizer" daemon [_thread_blocked, id=109880, stack(0x00000000167e0000,0x00000000168e0000)]
  0x0000000015549000 JavaThread "Reference Handler" daemon [_thread_blocked, id=105180, stack(0x00000000166e0000,0x00000000167e0000)]
  0x0000000000fed800 JavaThread "main" [_thread_blocked, id=108660, stack(0x00000000027f0000,0x00000000028f0000)]

Other Threads:
  0x0000000015546800 VMThread [stack: 0x00000000165e0000,0x00000000166e0000] [id=108016]
  0x0000000016951000 WatcherThread [stack: 0x00000000172e0000,0x00000000173e0000] [id=95624]

VM state:not at safepoint (normal execution)

VM Mutex/Monitor currently owned by a thread: None

Heap:
 PSYoungGen      total 38400K, used 15352K [0x00000000eab00000, 0x00000000ed580000, 0x0000000100000000)
  eden space 33280K, 46% used [0x00000000eab00000,0x00000000eb9fe178,0x00000000ecb80000)
  from space 5120K, 0% used [0x00000000ed080000,0x00000000ed080000,0x00000000ed580000)
  to   space 5120K, 0% used [0x00000000ecb80000,0x00000000ecb80000,0x00000000ed080000)
 ParOldGen       total 87552K, used 0K [0x00000000c0000000, 0x00000000c5580000, 0x00000000eab00000)
  object space 87552K, 0% used [0x00000000c0000000,0x00000000c0000000,0x00000000c5580000)
 Metaspace       used 5435K, capacity 6576K, committed 6784K, reserved 1056768K
  class space    used 574K, capacity 616K, committed 640K, reserved 1048576K

Card table byte_map: [0x0000000012270000,0x0000000012480000] byte_map_base: 0x0000000011c70000

Marking Bits: (ParMarkBitMap*) 0x0000000051ae64f0
 Begin Bits: [0x00000000129e0000, 0x00000000139e0000)
 End Bits:   [0x00000000139e0000, 0x00000000149e0000)

Polling page: 0x0000000000fb0000

CodeCache: size=245760Kb used=2810Kb max_used=2810Kb free=242949Kb
 bounds [0x0000000002eb0000, 0x0000000003180000, 0x0000000011eb0000]
 total_blobs=972 nmethods=709 adapters=176
 compilation: enabled

Compilation events (10 events):
Event: 4.249 Thread 0x00000000155d9800 nmethod 694 0x0000000003163a50 code [0x0000000003163ba0, 0x0000000003163e58]
Event: 4.249 Thread 0x00000000155d9800  707       4       com.android.dx.cf.code.BytecodeArray$ConstantParserVisitor::visitConstant (18 bytes)
Event: 4.249 Thread 0x00000000155d9800 nmethod 707 0x0000000003160b90 code [0x0000000003160cc0, 0x0000000003160d38]
Event: 4.249 Thread 0x00000000155d9800  699       4       com.android.dx.util.Bits::set (19 bytes)
Event: 4.250 Thread 0x00000000155d9800 nmethod 699 0x000000000313bd90 code [0x000000000313bec0, 0x000000000313bf58]
Event: 4.250 Thread 0x00000000155dc800 nmethod 703 0x0000000003164050 code [0x0000000003164660, 0x0000000003168ff8]
Event: 4.250 Thread 0x00000000155dc800  708       3       com.android.dx.cf.code.Ropper::labelToResultIndex (47 bytes)
Event: 4.251 Thread 0x00000000155dc800 nmethod 708 0x0000000003162d90 code [0x0000000003162f60, 0x00000000031635f8]
Event: 4.251 Thread 0x00000000155dc800  709   !   3       com.android.dx.rop.code.BasicBlock::<init> (273 bytes)
Event: 4.253 Thread 0x00000000155d9800  715       4       com.android.dx.util.MutabilityControl::throwIfImmutable (18 bytes)

GC Heap History (0 events):
No events

Deoptimization events (7 events):
Event: 3.628 Thread 0x0000000000fed800 Uncommon trap: reason=class_check action=maybe_recompile pc=0x0000000003082bcc method=com.android.dx.rop.cst.CstMemberRef.compareTo0(Lcom/android/dx/rop/cst/Constant;)I @ 1
Event: 3.629 Thread 0x0000000016a6b000 Uncommon trap: reason=class_check action=maybe_recompile pc=0x0000000003082bcc method=com.android.dx.rop.cst.CstMemberRef.compareTo0(Lcom/android/dx/rop/cst/Constant;)I @ 1
Event: 3.629 Thread 0x0000000016a6b000 Uncommon trap: reason=class_check action=maybe_recompile pc=0x0000000003082bcc method=com.android.dx.rop.cst.CstMemberRef.compareTo0(Lcom/android/dx/rop/cst/Constant;)I @ 1
Event: 3.629 Thread 0x0000000016a6b000 Uncommon trap: reason=class_check action=maybe_recompile pc=0x0000000003082bcc method=com.android.dx.rop.cst.CstMemberRef.compareTo0(Lcom/android/dx/rop/cst/Constant;)I @ 1
Event: 3.629 Thread 0x0000000016a6b000 Uncommon trap: reason=unstable_if action=reinterpret pc=0x000000000307f100 method=com.android.dx.rop.cst.CstMemberRef.compareTo0(Lcom/android/dx/rop/cst/Constant;)I @ 18
Event: 3.661 Thread 0x0000000016a6b000 Uncommon trap: reason=unstable_if action=reinterpret pc=0x00000000030d6efc method=com.android.dx.util.IntList.add(I)V @ 53
Event: 4.123 Thread 0x0000000000fed800 Uncommon trap: reason=unstable_if action=reinterpret pc=0x00000000030ddde8 method=com.android.dx.rop.cst.CstFieldRef.compareTo0(Lcom/android/dx/rop/cst/Constant;)I @ 7

Internal exceptions (2 events):
Event: 0.168 Thread 0x0000000000fed800 Exception <a 'java/lang/NoSuchMethodError': Method sun.misc.Unsafe.defineClass(Ljava/lang/String;[BII)Ljava/lang/Class; name or signature does not match> (0x00000000eab07cc0) thrown at [D:\re\workspace\8-2-build-windows-amd64-cygwin\jdk8u92\6642\hotspot\srù¨<Í…Å?
Event: 0.168 Thread 0x0000000000fed800 Exception <a 'java/lang/NoSuchMethodError': Method sun.misc.Unsafe.prefetchRead(Ljava/lang/Object;J)V name or signature does not match> (0x00000000eab07fa8) thrown at [D:\re\workspace\8-2-build-windows-amd64-cygwin\jdk8u92\6642\hotspot\src\share\vm\prims\j

Events (10 events):
Event: 3.629 Thread 0x0000000016a6b000 DEOPT UNPACKING pc=0x0000000002ef582a sp=0x00000000178deee8 mode 2
Event: 3.629 Thread 0x0000000016a6b000 Uncommon trap: trap_request=0xffffff65 fr.pc=0x000000000307f100
Event: 3.629 Thread 0x0000000016a6b000 DEOPT PACKING pc=0x000000000307f100 sp=0x00000000178deef0
Event: 3.629 Thread 0x0000000016a6b000 DEOPT UNPACKING pc=0x0000000002ef582a sp=0x00000000178dedf8 mode 2
Event: 3.661 Thread 0x0000000016a6b000 Uncommon trap: trap_request=0xffffff65 fr.pc=0x00000000030d6efc
Event: 3.661 Thread 0x0000000016a6b000 DEOPT PACKING pc=0x00000000030d6efc sp=0x00000000178debf0
Event: 3.661 Thread 0x0000000016a6b000 DEOPT UNPACKING pc=0x0000000002ef582a sp=0x00000000178debc8 mode 2
Event: 4.123 Thread 0x0000000000fed800 Uncommon trap: trap_request=0xffffff65 fr.pc=0x00000000030ddde8
Event: 4.123 Thread 0x0000000000fed800 DEOPT PACKING pc=0x00000000030ddde8 sp=0x00000000028ee790
Event: 4.123 Thread 0x0000000000fed800 DEOPT UNPACKING pc=0x0000000002ef582a sp=0x00000000028ee708 mode 2


Dynamic libraries:
0x00007ff755000000 - 0x00007ff755037000 	D:\Java1.8\jdk1.8.0_92\bin\java.exe
0x00007ffea1930000 - 0x00007ffea1af1000 	C:\WINDOWS\SYSTEM32\ntdll.dll
0x00007ffea0260000 - 0x00007ffea030d000 	C:\WINDOWS\system32\KERNEL32.DLL
0x00007ffe9e900000 - 0x00007ffe9eae8000 	C:\WINDOWS\system32\KERNELBASE.dll
0x00007ffea16f0000 - 0x00007ffea1797000 	C:\WINDOWS\system32\ADVAPI32.dll
0x00007ffea1330000 - 0x00007ffea13cd000 	C:\WINDOWS\system32\msvcrt.dll
0x00007ffea15c0000 - 0x00007ffea161b000 	C:\WINDOWS\system32\sechost.dll
0x00007ffea04d0000 - 0x00007ffea05ec000 	C:\WINDOWS\system32\RPCRT4.dll
0x00007ffea08a0000 - 0x00007ffea09f6000 	C:\WINDOWS\system32\USER32.dll
0x00007ffea17a0000 - 0x00007ffea1926000 	C:\WINDOWS\system32\GDI32.dll
0x00007ffe90000000 - 0x00007ffe90274000 	C:\WINDOWS\WinSxS\amd64_microsoft.windows.common-controls_6595b64144ccf1df_6.0.10586.494_none_a2d8b04ea53e3145\COMCTL32.dll
0x00007ffea0620000 - 0x00007ffea089d000 	C:\WINDOWS\system32\combase.dll
0x00007ffe9eb00000 - 0x00007ffe9eb6a000 	C:\WINDOWS\system32\bcryptPrimitives.dll
0x00007ffea1580000 - 0x00007ffea15bb000 	C:\WINDOWS\system32\IMM32.DLL
0x0000000050e40000 - 0x0000000050f12000 	D:\Java1.8\jdk1.8.0_92\jre\bin\msvcr100.dll
0x00000000512d0000 - 0x0000000051b66000 	D:\Java1.8\jdk1.8.0_92\jre\bin\server\jvm.dll
0x00007ffe9de40000 - 0x00007ffe9de63000 	C:\WINDOWS\system32\WINMM.dll
0x00007ffe9dd40000 - 0x00007ffe9dd6c000 	C:\WINDOWS\system32\WINMMBASE.dll
0x00007ffe9de70000 - 0x00007ffe9deb3000 	C:\WINDOWS\system32\cfgmgr32.dll
0x00007ffea0310000 - 0x00007ffea0318000 	C:\WINDOWS\system32\PSAPI.DLL
0x00007ffe8c8a0000 - 0x00007ffe8c8a9000 	C:\WINDOWS\SYSTEM32\WSOCK32.dll
0x00007ffea0cb0000 - 0x00007ffea0d1b000 	C:\WINDOWS\system32\WS2_32.dll
0x00007ffe9b660000 - 0x00007ffe9b66a000 	C:\WINDOWS\SYSTEM32\VERSION.dll
0x00000000512c0000 - 0x00000000512cf000 	D:\Java1.8\jdk1.8.0_92\jre\bin\verify.dll
0x0000000051290000 - 0x00000000512b9000 	D:\Java1.8\jdk1.8.0_92\jre\bin\java.dll
0x0000000051270000 - 0x0000000051286000 	D:\Java1.8\jdk1.8.0_92\jre\bin\zip.dll
0x00007ffe9ed00000 - 0x00007ffea025c000 	C:\WINDOWS\system32\SHELL32.dll
0x00007ffe9e1b0000 - 0x00007ffe9e7f5000 	C:\WINDOWS\system32\windows.storage.dll
0x00007ffea0e40000 - 0x00007ffea0e92000 	C:\WINDOWS\system32\shlwapi.dll
0x00007ffe9dd20000 - 0x00007ffe9dd2f000 	C:\WINDOWS\system32\kernel.appcore.dll
0x00007ffe9df20000 - 0x00007ffe9dfd5000 	C:\WINDOWS\system32\shcore.dll
0x00007ffe9e8b0000 - 0x00007ffe9e8fb000 	C:\WINDOWS\system32\powrprof.dll
0x00007ffe9dd70000 - 0x00007ffe9dd84000 	C:\WINDOWS\system32\profapi.dll

VM Arguments:
jvm_args: -Djava.awt.headless=true -Xmx1024M -Dfile.encoding=GBK -Duser.country=CN -Duser.language=zh -Duser.variant 
java_command: com.android.dx.command.Main --dex --num-threads=4 --output D:\ProgramFiles\EveryDayNews\app\build\intermediates\pre-dexed\debug\debug_05acb88ec89fedc65aa716ce73c08383552c3848.jar D:\ProgramFiles\EveryDayNews\app\build\intermediates\classes\debug
java_class_path (initial): D:\ProgramFiles\android\android-sdk-windows\build-tools\23.0.3\lib\dx.jar
Launcher Type: SUN_STANDARD

Environment Variables:
JAVA_HOME=D:\Java1.8\jdk1.8.0_92
PATH=D:\Java\jdk1.7.0_07\bin;D:\ProgramFiles\android-ndk-r10;C:\ProgramData\Oracle\Java\javapath;C:\Program Files (x86)\Intel\iCLS Client\;C:\Program Files\Intel\iCLS Client\;C:\WINDOWS\system32;C:\WINDOWS;C:\WINDOWS\System32\Wbem;C:\WINDOWS\System32\WindowsPowerShell\v1.0\;C:\Program Files\Intel\Intel(R) Management Engine Components\DAL;C:\Program Files (x86)\Intel\Intel(R) Management Engine Components\DAL;C:\Program Files\Intel\Intel(R) Management Engine Components\IPT;C:\Program Files (x86)\Intel\Intel(R) Management Engine Components\IPT;C:\Program Files (x86)\ATI Technologies\ATI.ACE\Core-Static;C:\Program Files (x86)\Common Files\lenovo\easyplussdk\bin;C:\ProgramData\Lenovo\ReadyApps;D:\DevInstall\MySQL\MySQL Server 5.5\bin;D:\Java1.8\jdk1.8.0_92\bin;D:\ProgramFiles (x86)\adt-bundle-windows-x86_64_20140101\sdk\platform-tools;D:\ProgramFiles (x86)\adt-bundle-windows-x86_64_20140101\sdk\tools;D:\ProgramFiles\TortoiseSVN\bin;D:\ProgramFiles\TortoiseGit\bin;C:\Program Files (x86)\Common Files\Autodesk Shared\;D:\Java1.8\jdk1.8.0_92\bin;D:\Java\jdk1.7.0_07\bin;D:\Java1.8\jdk1.8.0_92\bin;D:\ProgramFiles (x86)\tomcat\apache-tomcat-6.0.39\bin;D:\ProgramFiles\android\android-sdk-windows\platform-tools;D:\ProgramFiles\android\android-sdk-windows\tools
USERNAME=shuwei
OS=Windows_NT
PROCESSOR_IDENTIFIER=Intel64 Family 6 Model 69 Stepping 1, GenuineIntel



---------------  S Y S T E M  ---------------

OS: Windows 10.0 , 64 bit Build 10586 (10.0.10586.0)

CPU:total 4 (2 cores per cpu, 2 threads per core) family 6 model 69 stepping 1, cmov, cx8, fxsr, mmx, sse, sse2, sse3, ssse3, sse4.1, sse4.2, popcnt, avx, avx2, aes, clmul, erms, lzcnt, ht, tsc, tscinvbit, bmi1, bmi2

Memory: 4k page, physical 8310040k(1637156k free), swap 8310040k(4292k free)

vm_info: Java HotSpot(TM) 64-Bit Server VM (25.92-b14) for windows-amd64 JRE (1.8.0_92-b14), built on Mar 31 2016 21:03:04 by "java_re" with MS VC++ 10.0 (VS2010)

time: Wed Aug 10 20:56:10 2016
elapsed time: 4 seconds (0d 0h 0m 4s)

