#
# There is insufficient memory for the Java Runtime Environment to continue.
# Native memory allocation (malloc) failed to allocate 1048576 bytes for AllocateHeap
# Possible reasons:
#   The system is out of physical RAM or swap space
#   In 32 bit mode, the process size limit was hit
# Possible solutions:
#   Reduce memory load on the system
#   Increase physical memory or swap space
#   Check if swap backing store is full
#   Use 64 bit Java on a 64 bit OS
#   Decrease Java heap size (-Xmx/-Xms)
#   Decrease number of Java threads
#   Decrease Java thread stack sizes (-Xss)
#   Set larger code cache with -XX:ReservedCodeCacheSize=
# This output file may be truncated or incomplete.
#
#  Out of Memory Error (memory/allocation.inline.hpp:61), pid=127868, tid=0x000000000001ed98
#
# JRE version:  (8.0_92-b14) (build )
# Java VM: Java HotSpot(TM) 64-Bit Server VM (25.92-b14 mixed mode windows-amd64 compressed oops)
# Failed to write core dump. Minidumps are not enabled by default on client versions of Windows
#

---------------  T H R E A D  ---------------

Current thread (0x00000000023cd800):  JavaThread "Unknown thread" [_thread_in_vm, id=126360, stack(0x00000000023d0000,0x00000000024d0000)]

Stack: [0x00000000023d0000,0x00000000024d0000]
[error occurred during error reporting (printing stack bounds), id 0xc0000005]

Native frames: (J=compiled Java code, j=interpreted, Vv=VM code, C=native code)


---------------  P R O C E S S  ---------------

Java Threads: ( => current thread )

Other Threads:

=>0x00000000023cd800 (exited) JavaThread "Unknown thread" [_thread_in_vm, id=126360, stack(0x00000000023d0000,0x00000000024d0000)]

VM state:not at safepoint (normal execution)

VM Mutex/Monitor currently owned by a thread: None

Heap:
 PSYoungGen      total 38400K, used 665K [0x00000000eab00000, 0x00000000ed580000, 0x0000000100000000)
  eden space 33280K, 2% used [0x00000000eab00000,0x00000000eaba6670,0x00000000ecb80000)
  from space 5120K, 0% used [0x00000000ed080000,0x00000000ed080000,0x00000000ed580000)
  to   space 5120K, 0% used [0x00000000ecb80000,0x00000000ecb80000,0x00000000ed080000)
 ParOldGen       total 87552K, used 0K [0x00000000c0000000, 0x00000000c5580000, 0x00000000eab00000)
  object space 87552K, 0% used [0x00000000c0000000,0x00000000c0000000,0x00000000c5580000)
 Metaspace       used 769K, capacity 4480K, committed 4480K, reserved 1056768K
  class space    used 75K, capacity 384K, committed 384K, reserved 1048576K

Card table byte_map: [0x0000000011990000,0x0000000011ba0000] byte_map_base: 0x0000000011390000

Marking Bits: (ParMarkBitMap*) 0x0000000051ae64f0
 Begin Bits: [0x0000000012100000, 0x0000000013100000)
 End Bits:   [0x0000000013100000, 0x0000000014100000)

Polling page: 0x00000000007b0000

CodeCache: size=245760Kb used=328Kb max_used=328Kb free=245431Kb
 bounds [0x00000000025d0000, 0x0000000002840000, 0x00000000115d0000]
 total_blobs=58 nmethods=0 adapters=38
 compilation: enabled

Compilation events (0 events):
No events

GC Heap History (0 events):
No events

Deoptimization events (0 events):
No events

Internal exceptions (0 events):
No events

Events (10 events):
Event: 0.041 loading class java/lang/Short
Event: 0.041 loading class java/lang/Short done
Event: 0.041 loading class java/lang/Integer
Event: 0.041 loading class java/lang/Integer done
Event: 0.041 loading class java/lang/Long
Event: 0.041 loading class java/lang/Long done
Event: 0.042 loading class java/lang/NullPointerException
Event: 0.042 loading class java/lang/NullPointerException done
Event: 0.042 loading class java/lang/ArithmeticException
Event: 0.042 loading class java/lang/ArithmeticException done


Dynamic libraries:
0x00007ff755000000 - 0x00007ff755037000 	D:\Java1.8\jdk1.8.0_92\bin\java.exe
0x00007ffea1930000 - 0x00007ffea1af1000 	C:\WINDOWS\SYSTEM32\ntdll.dll
0x00007ffea0260000 - 0x00007ffea030d000 	C:\WINDOWS\system32\KERNEL32.DLL
0x00007ffe9e900000 - 0x00007ffe9eae8000 	C:\WINDOWS\system32\KERNELBASE.dll
0x00007ffea16f0000 - 0x00007ffea1797000 	C:\WINDOWS\system32\ADVAPI32.dll
0x00007ffea1330000 - 0x00007ffea13cd000 	C:\WINDOWS\system32\msvcrt.dll
0x00007ffea15c0000 - 0x00007ffea161b000 	C:\WINDOWS\system32\sechost.dll
0x00007ffea04d0000 - 0x00007ffea05ec000 	C:\WINDOWS\system32\RPCRT4.dll
0x00007ffea08a0000 - 0x00007ffea09f6000 	C:\WINDOWS\system32\USER32.dll
0x00007ffea17a0000 - 0x00007ffea1926000 	C:\WINDOWS\system32\GDI32.dll
0x00007ffe90000000 - 0x00007ffe90274000 	C:\WINDOWS\WinSxS\amd64_microsoft.windows.common-controls_6595b64144ccf1df_6.0.10586.494_none_a2d8b04ea53e3145\COMCTL32.dll
0x00007ffea0620000 - 0x00007ffea089d000 	C:\WINDOWS\system32\combase.dll
0x00007ffe9eb00000 - 0x00007ffe9eb6a000 	C:\WINDOWS\system32\bcryptPrimitives.dll
0x00007ffea1580000 - 0x00007ffea15bb000 	C:\WINDOWS\system32\IMM32.DLL
0x0000000050e40000 - 0x0000000050f12000 	D:\Java1.8\jdk1.8.0_92\jre\bin\msvcr100.dll
0x00000000512d0000 - 0x0000000051b66000 	D:\Java1.8\jdk1.8.0_92\jre\bin\server\jvm.dll
0x00007ffe9de40000 - 0x00007ffe9de63000 	C:\WINDOWS\system32\WINMM.dll
0x00007ffe9dd40000 - 0x00007ffe9dd6c000 	C:\WINDOWS\system32\WINMMBASE.dll
0x00007ffe9de70000 - 0x00007ffe9deb3000 	C:\WINDOWS\system32\cfgmgr32.dll
0x00007ffea0310000 - 0x00007ffea0318000 	C:\WINDOWS\system32\PSAPI.DLL
0x00007ffe8c8a0000 - 0x00007ffe8c8a9000 	C:\WINDOWS\SYSTEM32\WSOCK32.dll
0x00007ffea0cb0000 - 0x00007ffea0d1b000 	C:\WINDOWS\system32\WS2_32.dll
0x00007ffe9b660000 - 0x00007ffe9b66a000 	C:\WINDOWS\SYSTEM32\VERSION.dll
0x00000000512c0000 - 0x00000000512cf000 	D:\Java1.8\jdk1.8.0_92\jre\bin\verify.dll
0x0000000051290000 - 0x00000000512b9000 	D:\Java1.8\jdk1.8.0_92\jre\bin\java.dll
0x0000000051270000 - 0x0000000051286000 	D:\Java1.8\jdk1.8.0_92\jre\bin\zip.dll

VM Arguments:
jvm_args: -Djava.awt.headless=true -Xmx1024M -Dfile.encoding=GBK -Duser.country=CN -Duser.language=zh -Duser.variant 
java_command: com.android.dx.command.Main --dex --num-threads=4 --output D:\ProgramFiles\EveryDayNews\app\build\intermediates\pre-dexed\debug\debug_05acb88ec89fedc65aa716ce73c08383552c3848.jar D:\ProgramFiles\EveryDayNews\app\build\intermediates\classes\debug
java_class_path (initial): D:\ProgramFiles\android\android-sdk-windows\build-tools\23.0.3\lib\dx.jar
Launcher Type: SUN_STANDARD

Environment Variables:
JAVA_HOME=D:\Java1.8\jdk1.8.0_92
PATH=D:\Java\jdk1.7.0_07\bin;D:\ProgramFiles\android-ndk-r10;C:\ProgramData\Oracle\Java\javapath;C:\Program Files (x86)\Intel\iCLS Client\;C:\Program Files\Intel\iCLS Client\;C:\WINDOWS\system32;C:\WINDOWS;C:\WINDOWS\System32\Wbem;C:\WINDOWS\System32\WindowsPowerShell\v1.0\;C:\Program Files\Intel\Intel(R) Management Engine Components\DAL;C:\Program Files (x86)\Intel\Intel(R) Management Engine Components\DAL;C:\Program Files\Intel\Intel(R) Management Engine Components\IPT;C:\Program Files (x86)\Intel\Intel(R) Management Engine Components\IPT;C:\Program Files (x86)\ATI Technologies\ATI.ACE\Core-Static;C:\Program Files (x86)\Common Files\lenovo\easyplussdk\bin;C:\ProgramData\Lenovo\ReadyApps;D:\DevInstall\MySQL\MySQL Server 5.5\bin;D:\Java1.8\jdk1.8.0_92\bin;D:\ProgramFiles (x86)\adt-bundle-windows-x86_64_20140101\sdk\platform-tools;D:\ProgramFiles (x86)\adt-bundle-windows-x86_64_20140101\sdk\tools;D:\ProgramFiles\TortoiseSVN\bin;D:\ProgramFiles\TortoiseGit\bin;C:\Program Files (x86)\Common Files\Autodesk Shared\;D:\Java1.8\jdk1.8.0_92\bin;D:\Java\jdk1.7.0_07\bin;D:\Java1.8\jdk1.8.0_92\bin;D:\ProgramFiles (x86)\tomcat\apache-tomcat-6.0.39\bin;D:\ProgramFiles\android\android-sdk-windows\platform-tools;D:\ProgramFiles\android\android-sdk-windows\tools
USERNAME=shuwei
OS=Windows_NT
PROCESSOR_IDENTIFIER=Intel64 Family 6 Model 69 Stepping 1, GenuineIntel



---------------  S Y S T E M  ---------------

OS: Windows 10.0 , 64 bit Build 10586 (10.0.10586.0)

CPU:total 4 (2 cores per cpu, 2 threads per core) family 6 model 69 stepping 1, cmov, cx8, fxsr, mmx, sse, sse2, sse3, ssse3, sse4.1, sse4.2, popcnt, avx, avx2, aes, clmul, erms, lzcnt, ht, tsc, tscinvbit, bmi1, bmi2

Memory: 4k page, physical 8310040k(1468188k free), swap 8310040k(5356k free)

vm_info: Java HotSpot(TM) 64-Bit Server VM (25.92-b14) for windows-amd64 JRE (1.8.0_92-b14), built on Mar 31 2016 21:03:04 by "java_re" with MS VC++ 10.0 (VS2010)

time: Wed Aug 10 17:48:55 2016
elapsed time: 0 seconds (0d 0h 0m 0s)

