#
# There is insufficient memory for the Java Runtime Environment to continue.
# Native memory allocation (malloc) failed to allocate 337296 bytes for Chunk::new
# Possible reasons:
#   The system is out of physical RAM or swap space
#   In 32 bit mode, the process size limit was hit
# Possible solutions:
#   Reduce memory load on the system
#   Increase physical memory or swap space
#   Check if swap backing store is full
#   Use 64 bit Java on a 64 bit OS
#   Decrease Java heap size (-Xmx/-Xms)
#   Decrease number of Java threads
#   Decrease Java thread stack sizes (-Xss)
#   Set larger code cache with -XX:ReservedCodeCacheSize=
# This output file may be truncated or incomplete.
#
#  Out of Memory Error (allocation.cpp:390), pid=97768, tid=0x000000000001a374
#
# JRE version: Java(TM) SE Runtime Environment (8.0_92-b14) (build 1.8.0_92-b14)
# Java VM: Java HotSpot(TM) 64-Bit Server VM (25.92-b14 mixed mode windows-amd64 compressed oops)
# Failed to write core dump. Minidumps are not enabled by default on client versions of Windows
#

---------------  T H R E A D  ---------------

Current thread (0x00000000031aa000):  JavaThread "C2 CompilerThread0" daemon [_thread_in_native, id=107380, stack(0x00000000171e0000,0x00000000172e0000)]

Stack: [0x00000000171e0000,0x00000000172e0000]
[error occurred during error reporting (printing stack bounds), id 0xc0000005]

Native frames: (J=compiled Java code, j=interpreted, Vv=VM code, C=native code)


Current CompileTask:
C2:   3471 1628       4       com.android.dx.ssa.SsaRenamer$BlockRenamer::process (191 bytes)


---------------  P R O C E S S  ---------------

Java Threads: ( => current thread )
  0x0000000016ecd800 JavaThread "pool-1-thread-4" [_thread_in_Java, id=108384, stack(0x0000000017ae0000,0x0000000017be0000)]
  0x0000000016ecd000 JavaThread "pool-1-thread-3" [_thread_in_Java, id=108644, stack(0x00000000179e0000,0x0000000017ae0000)]
  0x0000000016ecc000 JavaThread "pool-1-thread-2" [_thread_in_Java, id=108804, stack(0x00000000178e0000,0x00000000179e0000)]
  0x0000000016eb5000 JavaThread "pool-2-thread-1" [_thread_blocked, id=104588, stack(0x00000000177e0000,0x00000000178e0000)]
  0x0000000016eb4000 JavaThread "pool-1-thread-1" [_thread_in_vm, id=108800, stack(0x00000000176e0000,0x00000000177e0000)]
  0x0000000016c4b000 JavaThread "Service Thread" daemon [_thread_blocked, id=109960, stack(0x00000000174e0000,0x00000000175e0000)]
  0x0000000016c45000 JavaThread "C1 CompilerThread2" daemon [_thread_blocked, id=106772, stack(0x00000000173e0000,0x00000000174e0000)]
  0x00000000031ad000 JavaThread "C2 CompilerThread1" daemon [_thread_in_native, id=107028, stack(0x00000000172e0000,0x00000000173e0000)]
=>0x00000000031aa000 JavaThread "C2 CompilerThread0" daemon [_thread_in_native, id=107380, stack(0x00000000171e0000,0x00000000172e0000)]
  0x0000000015893800 JavaThread "Attach Listener" daemon [_thread_blocked, id=106284, stack(0x00000000170e0000,0x00000000171e0000)]
  0x0000000016c23800 JavaThread "Signal Dispatcher" daemon [_thread_blocked, id=110484, stack(0x0000000016fe0000,0x00000000170e0000)]
  0x000000001586a000 JavaThread "Finalizer" daemon [_thread_blocked, id=109972, stack(0x0000000016ae0000,0x0000000016be0000)]
  0x0000000015849000 JavaThread "Reference Handler" daemon [_thread_blocked, id=108548, stack(0x00000000169e0000,0x0000000016ae0000)]
  0x000000000146d800 JavaThread "main" [_thread_in_Java, id=96208, stack(0x0000000002bd0000,0x0000000002cd0000)]

Other Threads:
  0x0000000015846800 VMThread [stack: 0x00000000168e0000,0x00000000169e0000] [id=109080]
  0x0000000016ca8800 WatcherThread [stack: 0x00000000175e0000,0x00000000176e0000] [id=110160]

VM state:not at safepoint (normal execution)

VM Mutex/Monitor currently owned by a thread: None

Heap:
 PSYoungGen      total 71680K, used 58829K [0x00000000eab00000, 0x00000000ef600000, 0x0000000100000000)
  eden space 66560K, 80% used [0x00000000eab00000,0x00000000edf7a978,0x00000000eec00000)
  from space 5120K, 99% used [0x00000000ef100000,0x00000000ef5f8be8,0x00000000ef600000)
  to   space 5120K, 0% used [0x00000000eec00000,0x00000000eec00000,0x00000000ef100000)
 ParOldGen       total 87552K, used 4755K [0x00000000c0000000, 0x00000000c5580000, 0x00000000eab00000)
  object space 87552K, 5% used [0x00000000c0000000,0x00000000c04a4d40,0x00000000c5580000)
 Metaspace       used 6338K, capacity 7156K, committed 7296K, reserved 1056768K
  class space    used 607K, capacity 620K, committed 640K, reserved 1048576K

Card table byte_map: [0x0000000012570000,0x0000000012780000] byte_map_base: 0x0000000011f70000

Marking Bits: (ParMarkBitMap*) 0x0000000051ae64f0
 Begin Bits: [0x0000000012ce0000, 0x0000000013ce0000)
 End Bits:   [0x0000000013ce0000, 0x0000000014ce0000)

Polling page: 0x00000000013d0000

CodeCache: size=245760Kb used=6770Kb max_used=6770Kb free=238989Kb
 bounds [0x00000000031b0000, 0x0000000003860000, 0x00000000121b0000]
 total_blobs=1935 nmethods=1664 adapters=184
 compilation: enabled

Compilation events (10 events):
Event: 3.469 Thread 0x0000000016c45000 nmethod 1711 0x000000000384f410 code [0x000000000384f560, 0x000000000384f670]
Event: 3.469 Thread 0x0000000016c45000 1712       2       com.android.dx.cf.direct.MemberListParser::getEndOffset (9 bytes)
Event: 3.469 Thread 0x0000000016c45000 nmethod 1712 0x000000000384f6d0 code [0x000000000384f840, 0x000000000384f9c8]
Event: 3.469 Thread 0x0000000016c45000 1713       1       com.android.dx.cf.attrib.AttSourceFile::byteLength (3 bytes)
Event: 3.469 Thread 0x0000000016c45000 nmethod 1713 0x000000000384fa90 code [0x000000000384fbe0, 0x000000000384fcf0]
Event: 3.469 Thread 0x0000000016c45000 1714       2       com.android.dx.cf.direct.DirectClassFile::getMagic0 (9 bytes)
Event: 3.469 Thread 0x0000000016c45000 nmethod 1714 0x000000000384fd50 code [0x000000000384fec0, 0x0000000003850048]
Event: 3.469 Thread 0x0000000016c45000 1715       2       java.util.concurrent.locks.ReentrantLock::lock (8 bytes)
Event: 3.470 Thread 0x0000000016c45000 nmethod 1715 0x0000000003850110 code [0x0000000003850280, 0x0000000003850408]
Event: 3.470 Thread 0x0000000016c45000 1716       2       java.util.concurrent.AbstractExecutorService::submit (25 bytes)

GC Heap History (4 events):
Event: 1.479 GC heap before
{Heap before GC invocations=1 (full 0):
 PSYoungGen      total 38400K, used 33280K [0x00000000eab00000, 0x00000000ed580000, 0x0000000100000000)
  eden space 33280K, 100% used [0x00000000eab00000,0x00000000ecb80000,0x00000000ecb80000)
  from space 5120K, 0% used [0x00000000ed080000,0x00000000ed080000,0x00000000ed580000)
  to   space 5120K, 0% used [0x00000000ecb80000,0x00000000ecb80000,0x00000000ed080000)
 ParOldGen       total 87552K, used 0K [0x00000000c0000000, 0x00000000c5580000, 0x00000000eab00000)
  object space 87552K, 0% used [0x00000000c0000000,0x00000000c0000000,0x00000000c5580000)
 Metaspace       used 5945K, capacity 6834K, committed 7040K, reserved 1056768K
  class space    used 604K, capacity 618K, committed 640K, reserved 1048576K
Event: 1.586 GC heap after
Heap after GC invocations=1 (full 0):
 PSYoungGen      total 38400K, used 5090K [0x00000000eab00000, 0x00000000ef600000, 0x0000000100000000)
  eden space 33280K, 0% used [0x00000000eab00000,0x00000000eab00000,0x00000000ecb80000)
  from space 5120K, 99% used [0x00000000ecb80000,0x00000000ed0789d8,0x00000000ed080000)
  to   space 5120K, 0% used [0x00000000ef100000,0x00000000ef100000,0x00000000ef600000)
 ParOldGen       total 87552K, used 774K [0x00000000c0000000, 0x00000000c5580000, 0x00000000eab00000)
  object space 87552K, 0% used [0x00000000c0000000,0x00000000c00c1b88,0x00000000c5580000)
 Metaspace       used 5945K, capacity 6834K, committed 7040K, reserved 1056768K
  class space    used 604K, capacity 618K, committed 640K, reserved 1048576K
}
Event: 2.545 GC heap before
{Heap before GC invocations=2 (full 0):
 PSYoungGen      total 38400K, used 38370K [0x00000000eab00000, 0x00000000ef600000, 0x0000000100000000)
  eden space 33280K, 100% used [0x00000000eab00000,0x00000000ecb80000,0x00000000ecb80000)
  from space 5120K, 99% used [0x00000000ecb80000,0x00000000ed0789d8,0x00000000ed080000)
  to   space 5120K, 0% used [0x00000000ef100000,0x00000000ef100000,0x00000000ef600000)
 ParOldGen       total 87552K, used 774K [0x00000000c0000000, 0x00000000c5580000, 0x00000000eab00000)
  object space 87552K, 0% used [0x00000000c0000000,0x00000000c00c1b88,0x00000000c5580000)
 Metaspace       used 6202K, capacity 7028K, committed 7296K, reserved 1056768K
  class space    used 606K, capacity 620K, committed 640K, reserved 1048576K
Event: 2.562 GC heap after
Heap after GC invocations=2 (full 0):
 PSYoungGen      total 71680K, used 5090K [0x00000000eab00000, 0x00000000ef600000, 0x0000000100000000)
  eden space 66560K, 0% used [0x00000000eab00000,0x00000000eab00000,0x00000000eec00000)
  from space 5120K, 99% used [0x00000000ef100000,0x00000000ef5f8be8,0x00000000ef600000)
  to   space 5120K, 0% used [0x00000000eec00000,0x00000000eec00000,0x00000000ef100000)
 ParOldGen       total 87552K, used 4755K [0x00000000c0000000, 0x00000000c5580000, 0x00000000eab00000)
  object space 87552K, 5% used [0x00000000c0000000,0x00000000c04a4d40,0x00000000c5580000)
 Metaspace       used 6202K, capacity 7028K, committed 7296K, reserved 1056768K
  class space    used 606K, capacity 620K, committed 640K, reserved 1048576K
}

Deoptimization events (10 events):
Event: 2.603 Thread 0x0000000016ecc000 Uncommon trap: reason=unstable_if action=reinterpret pc=0x0000000003735af4 method=com.android.dx.ssa.SCCP.simulateStmt(Lcom/android/dx/ssa/SsaInsn;)V @ 59
Event: 2.641 Thread 0x0000000016ecd800 Uncommon trap: reason=unstable_if action=reinterpret pc=0x0000000003797724 method=com.android.dx.ssa.LocalVariableExtractor.processBlock(I)V @ 251
Event: 2.873 Thread 0x0000000016eb4000 Uncommon trap: reason=bimorphic action=maybe_recompile pc=0x000000000347be64 method=java.util.HashMap.getNode(ILjava/lang/Object;)Ljava/util/HashMap$Node; @ 126
Event: 2.873 Thread 0x0000000016eb4000 Uncommon trap: reason=class_check action=maybe_recompile pc=0x0000000003577384 method=java.util.HashMap.putVal(ILjava/lang/Object;Ljava/lang/Object;ZZ)Ljava/lang/Object; @ 203
Event: 2.873 Thread 0x0000000016eb4000 Uncommon trap: reason=bimorphic action=maybe_recompile pc=0x000000000347be64 method=java.util.HashMap.getNode(ILjava/lang/Object;)Ljava/util/HashMap$Node; @ 126
Event: 2.873 Thread 0x0000000016eb4000 Uncommon trap: reason=class_check action=maybe_recompile pc=0x0000000003577384 method=java.util.HashMap.putVal(ILjava/lang/Object;Ljava/lang/Object;ZZ)Ljava/lang/Object; @ 203
Event: 2.873 Thread 0x0000000016eb4000 Uncommon trap: reason=bimorphic action=maybe_recompile pc=0x00000000034292a4 method=java.util.HashMap.getNode(ILjava/lang/Object;)Ljava/util/HashMap$Node; @ 126
Event: 2.873 Thread 0x0000000016eb4000 Uncommon trap: reason=bimorphic action=maybe_recompile pc=0x00000000034292a4 method=java.util.HashMap.getNode(ILjava/lang/Object;)Ljava/util/HashMap$Node; @ 126
Event: 2.873 Thread 0x0000000016eb4000 Uncommon trap: reason=class_check action=maybe_recompile pc=0x0000000003577384 method=java.util.HashMap.putVal(ILjava/lang/Object;Ljava/lang/Object;ZZ)Ljava/lang/Object; @ 203
Event: 2.873 Thread 0x0000000016eb4000 Uncommon trap: reason=bimorphic action=maybe_recompile pc=0x000000000347be64 method=java.util.HashMap.getNode(ILjava/lang/Object;)Ljava/util/HashMap$Node; @ 126

Internal exceptions (2 events):
Event: 0.139 Thread 0x000000000146d800 Exception <a 'java/lang/NoSuchMethodError': Method sun.misc.Unsafe.defineClass(Ljava/lang/String;[BII)Ljava/lang/Class; name or signature does not match> (0x00000000eab07cc0) thrown at [D:\re\workspace\8-2-build-windows-amd64-cygwin\jdk8u92\6642\hotspot\srï<Èt×Á?
Event: 0.139 Thread 0x000000000146d800 Exception <a 'java/lang/NoSuchMethodError': Method sun.misc.Unsafe.prefetchRead(Ljava/lang/Object;J)V name or signature does not match> (0x00000000eab07fa8) thrown at [D:\re\workspace\8-2-build-windows-amd64-cygwin\jdk8u92\6642\hotspot\src\share\vm\prims\j

Events (10 events):
Event: 2.873 Thread 0x0000000016eb4000 DEOPT PACKING pc=0x000000000347be64 sp=0x00000000177de790
Event: 2.873 Thread 0x0000000016eb4000 DEOPT UNPACKING pc=0x00000000031f582a sp=0x00000000177de728 mode 2
Event: 2.902 Thread 0x0000000016ecc000 DEOPT PACKING pc=0x000000000350ac67 sp=0x00000000179de750
Event: 2.903 Thread 0x0000000016ecc000 DEOPT UNPACKING pc=0x00000000031f787f sp=0x00000000179de4e8 mode 0
Event: 2.938 Thread 0x0000000016ecd800 DEOPT PACKING pc=0x000000000350ac67 sp=0x0000000017bde5b0
Event: 2.939 Thread 0x0000000016ecd800 DEOPT UNPACKING pc=0x00000000031f787f sp=0x0000000017bde348 mode 0
Event: 2.983 Thread 0x0000000016ecd000 DEOPT PACKING pc=0x000000000350ac67 sp=0x0000000017adedd0
Event: 2.983 Thread 0x0000000016ecd000 DEOPT UNPACKING pc=0x00000000031f787f sp=0x0000000017adeb68 mode 0
Event: 3.326 Thread 0x0000000016eb4000 DEOPT PACKING pc=0x00000000037a034d sp=0x00000000177dea00
Event: 3.331 Thread 0x0000000016eb4000 DEOPT UNPACKING pc=0x00000000031f787f sp=0x00000000177de7d8 mode 0


Dynamic libraries:
0x00007ff755000000 - 0x00007ff755037000 	D:\Java1.8\jdk1.8.0_92\bin\java.exe
0x00007ffea1930000 - 0x00007ffea1af1000 	C:\WINDOWS\SYSTEM32\ntdll.dll
0x00007ffea0260000 - 0x00007ffea030d000 	C:\WINDOWS\system32\KERNEL32.DLL
0x00007ffe9e900000 - 0x00007ffe9eae8000 	C:\WINDOWS\system32\KERNELBASE.dll
0x00007ffea16f0000 - 0x00007ffea1797000 	C:\WINDOWS\system32\ADVAPI32.dll
0x00007ffea1330000 - 0x00007ffea13cd000 	C:\WINDOWS\system32\msvcrt.dll
0x00007ffea15c0000 - 0x00007ffea161b000 	C:\WINDOWS\system32\sechost.dll
0x00007ffea04d0000 - 0x00007ffea05ec000 	C:\WINDOWS\system32\RPCRT4.dll
0x00007ffea08a0000 - 0x00007ffea09f6000 	C:\WINDOWS\system32\USER32.dll
0x00007ffea17a0000 - 0x00007ffea1926000 	C:\WINDOWS\system32\GDI32.dll
0x00007ffe90000000 - 0x00007ffe90274000 	C:\WINDOWS\WinSxS\amd64_microsoft.windows.common-controls_6595b64144ccf1df_6.0.10586.494_none_a2d8b04ea53e3145\COMCTL32.dll
0x00007ffea0620000 - 0x00007ffea089d000 	C:\WINDOWS\system32\combase.dll
0x00007ffe9eb00000 - 0x00007ffe9eb6a000 	C:\WINDOWS\system32\bcryptPrimitives.dll
0x00007ffea1580000 - 0x00007ffea15bb000 	C:\WINDOWS\system32\IMM32.DLL
0x0000000050e40000 - 0x0000000050f12000 	D:\Java1.8\jdk1.8.0_92\jre\bin\msvcr100.dll
0x00000000512d0000 - 0x0000000051b66000 	D:\Java1.8\jdk1.8.0_92\jre\bin\server\jvm.dll
0x00007ffe9de40000 - 0x00007ffe9de63000 	C:\WINDOWS\system32\WINMM.dll
0x00007ffe9dd40000 - 0x00007ffe9dd6c000 	C:\WINDOWS\system32\WINMMBASE.dll
0x00007ffe9de70000 - 0x00007ffe9deb3000 	C:\WINDOWS\system32\cfgmgr32.dll
0x00007ffea0310000 - 0x00007ffea0318000 	C:\WINDOWS\system32\PSAPI.DLL
0x00007ffe8c8a0000 - 0x00007ffe8c8a9000 	C:\WINDOWS\SYSTEM32\WSOCK32.dll
0x00007ffea0cb0000 - 0x00007ffea0d1b000 	C:\WINDOWS\system32\WS2_32.dll
0x00007ffe9b660000 - 0x00007ffe9b66a000 	C:\WINDOWS\SYSTEM32\VERSION.dll
0x00000000512c0000 - 0x00000000512cf000 	D:\Java1.8\jdk1.8.0_92\jre\bin\verify.dll
0x0000000051290000 - 0x00000000512b9000 	D:\Java1.8\jdk1.8.0_92\jre\bin\java.dll
0x0000000051270000 - 0x0000000051286000 	D:\Java1.8\jdk1.8.0_92\jre\bin\zip.dll
0x00007ffe9ed00000 - 0x00007ffea025c000 	C:\WINDOWS\system32\SHELL32.dll
0x00007ffe9e1b0000 - 0x00007ffe9e7f5000 	C:\WINDOWS\system32\windows.storage.dll
0x00007ffea0e40000 - 0x00007ffea0e92000 	C:\WINDOWS\system32\shlwapi.dll
0x00007ffe9dd20000 - 0x00007ffe9dd2f000 	C:\WINDOWS\system32\kernel.appcore.dll
0x00007ffe9df20000 - 0x00007ffe9dfd5000 	C:\WINDOWS\system32\shcore.dll
0x00007ffe9e8b0000 - 0x00007ffe9e8fb000 	C:\WINDOWS\system32\powrprof.dll
0x00007ffe9dd70000 - 0x00007ffe9dd84000 	C:\WINDOWS\system32\profapi.dll

VM Arguments:
jvm_args: -Djava.awt.headless=true -Xmx1024M -Dfile.encoding=GBK -Duser.country=CN -Duser.language=zh -Duser.variant 
java_command: com.android.dx.command.Main --dex --num-threads=4 --output D:\ProgramFiles\EveryDayNews\app\build\intermediates\pre-dexed\debug\com.android.support-support-v4-23.4.0_7a552a7808673ae9b2d2ee3c3a0dd1b8578b6f05.jar D:\ProgramFiles\EveryDayNews\app\build\intermediates\exploded-aar\com.android.support\support-v4\23.4.0\jars\classes.jar
java_class_path (initial): D:\ProgramFiles\android\android-sdk-windows\build-tools\23.0.3\lib\dx.jar
Launcher Type: SUN_STANDARD

Environment Variables:
JAVA_HOME=D:\Java1.8\jdk1.8.0_92
PATH=D:\Java\jdk1.7.0_07\bin;D:\ProgramFiles\android-ndk-r10;C:\ProgramData\Oracle\Java\javapath;C:\Program Files (x86)\Intel\iCLS Client\;C:\Program Files\Intel\iCLS Client\;C:\WINDOWS\system32;C:\WINDOWS;C:\WINDOWS\System32\Wbem;C:\WINDOWS\System32\WindowsPowerShell\v1.0\;C:\Program Files\Intel\Intel(R) Management Engine Components\DAL;C:\Program Files (x86)\Intel\Intel(R) Management Engine Components\DAL;C:\Program Files\Intel\Intel(R) Management Engine Components\IPT;C:\Program Files (x86)\Intel\Intel(R) Management Engine Components\IPT;C:\Program Files (x86)\ATI Technologies\ATI.ACE\Core-Static;C:\Program Files (x86)\Common Files\lenovo\easyplussdk\bin;C:\ProgramData\Lenovo\ReadyApps;D:\DevInstall\MySQL\MySQL Server 5.5\bin;D:\Java1.8\jdk1.8.0_92\bin;D:\ProgramFiles (x86)\adt-bundle-windows-x86_64_20140101\sdk\platform-tools;D:\ProgramFiles (x86)\adt-bundle-windows-x86_64_20140101\sdk\tools;D:\ProgramFiles\TortoiseSVN\bin;D:\ProgramFiles\TortoiseGit\bin;C:\Program Files (x86)\Common Files\Autodesk Shared\;D:\Java1.8\jdk1.8.0_92\bin;D:\Java\jdk1.7.0_07\bin;D:\Java1.8\jdk1.8.0_92\bin;D:\ProgramFiles (x86)\tomcat\apache-tomcat-6.0.39\bin;D:\ProgramFiles\android\android-sdk-windows\platform-tools;D:\ProgramFiles\android\android-sdk-windows\tools
USERNAME=shuwei
OS=Windows_NT
PROCESSOR_IDENTIFIER=Intel64 Family 6 Model 69 Stepping 1, GenuineIntel



---------------  S Y S T E M  ---------------

OS: Windows 10.0 , 64 bit Build 10586 (10.0.10586.0)

CPU:total 4 (2 cores per cpu, 2 threads per core) family 6 model 69 stepping 1, cmov, cx8, fxsr, mmx, sse, sse2, sse3, ssse3, sse4.1, sse4.2, popcnt, avx, avx2, aes, clmul, erms, lzcnt, ht, tsc, tscinvbit, bmi1, bmi2

Memory: 4k page, physical 8310040k(1634956k free), swap 8310040k(5380k free)

vm_info: Java HotSpot(TM) 64-Bit Server VM (25.92-b14) for windows-amd64 JRE (1.8.0_92-b14), built on Mar 31 2016 21:03:04 by "java_re" with MS VC++ 10.0 (VS2010)

time: Wed Aug 10 20:56:15 2016
elapsed time: 3 seconds (0d 0h 0m 3s)

